  Determining projects to restore...
  All projects are up-to-date for restore.
D:\medtrue.in\Repositories\ContentRepository.cs(20,57): error CS1061: 'IDbConnectionFactory' does not contain a definition for 'CreateConnectionAsync' and no accessible extension method 'CreateConnectionAsync' accepting a first argument of type 'IDbConnectionFactory' could be found (are you missing a using directive or an assembly reference?) [D:\medtrue.in\MedTrueApi.csproj]
D:\medtrue.in\Repositories\ContentRepository.cs(56,57): error CS1061: 'IDbConnectionFactory' does not contain a definition for 'CreateConnectionAsync' and no accessible extension method 'CreateConnectionAsync' accepting a first argument of type 'IDbConnectionFactory' could be found (are you missing a using directive or an assembly reference?) [D:\medtrue.in\MedTrueApi.csproj]
D:\medtrue.in\Repositories\ContentRepository.cs(73,57): error CS1061: 'IDbConnectionFactory' does not contain a definition for 'CreateConnectionAsync' and no accessible extension method 'CreateConnectionAsync' accepting a first argument of type 'IDbConnectionFactory' could be found (are you missing a using directive or an assembly reference?) [D:\medtrue.in\MedTrueApi.csproj]
D:\medtrue.in\Repositories\ContentRepository.cs(84,57): error CS1061: 'IDbConnectionFactory' does not contain a definition for 'CreateConnectionAsync' and no accessible extension method 'CreateConnectionAsync' accepting a first argument of type 'IDbConnectionFactory' could be found (are you missing a using directive or an assembly reference?) [D:\medtrue.in\MedTrueApi.csproj]
D:\medtrue.in\Repositories\ContentRepository.cs(97,57): error CS1061: 'IDbConnectionFactory' does not contain a definition for 'CreateConnectionAsync' and no accessible extension method 'CreateConnectionAsync' accepting a first argument of type 'IDbConnectionFactory' could be found (are you missing a using directive or an assembly reference?) [D:\medtrue.in\MedTrueApi.csproj]
D:\medtrue.in\Repositories\ContentRepository.cs(105,57): error CS1061: 'IDbConnectionFactory' does not contain a definition for 'CreateConnectionAsync' and no accessible extension method 'CreateConnectionAsync' accepting a first argument of type 'IDbConnectionFactory' could be found (are you missing a using directive or an assembly reference?) [D:\medtrue.in\MedTrueApi.csproj]
D:\medtrue.in\Repositories\ContentRepository.cs(122,57): error CS1061: 'IDbConnectionFactory' does not contain a definition for 'CreateConnectionAsync' and no accessible extension method 'CreateConnectionAsync' accepting a first argument of type 'IDbConnectionFactory' could be found (are you missing a using directive or an assembly reference?) [D:\medtrue.in\MedTrueApi.csproj]
D:\medtrue.in\Repositories\ContentRepository.cs(133,57): error CS1061: 'IDbConnectionFactory' does not contain a definition for 'CreateConnectionAsync' and no accessible extension method 'CreateConnectionAsync' accepting a first argument of type 'IDbConnectionFactory' could be found (are you missing a using directive or an assembly reference?) [D:\medtrue.in\MedTrueApi.csproj]
D:\medtrue.in\Repositories\ContentRepository.cs(145,57): error CS1061: 'IDbConnectionFactory' does not contain a definition for 'CreateConnectionAsync' and no accessible extension method 'CreateConnectionAsync' accepting a first argument of type 'IDbConnectionFactory' could be found (are you missing a using directive or an assembly reference?) [D:\medtrue.in\MedTrueApi.csproj]

Build FAILED.

D:\medtrue.in\Repositories\ContentRepository.cs(20,57): error CS1061: 'IDbConnectionFactory' does not contain a definition for 'CreateConnectionAsync' and no accessible extension method 'CreateConnectionAsync' accepting a first argument of type 'IDbConnectionFactory' could be found (are you missing a using directive or an assembly reference?) [D:\medtrue.in\MedTrueApi.csproj]
D:\medtrue.in\Repositories\ContentRepository.cs(56,57): error CS1061: 'IDbConnectionFactory' does not contain a definition for 'CreateConnectionAsync' and no accessible extension method 'CreateConnectionAsync' accepting a first argument of type 'IDbConnectionFactory' could be found (are you missing a using directive or an assembly reference?) [D:\medtrue.in\MedTrueApi.csproj]
D:\medtrue.in\Repositories\ContentRepository.cs(73,57): error CS1061: 'IDbConnectionFactory' does not contain a definition for 'CreateConnectionAsync' and no accessible extension method 'CreateConnectionAsync' accepting a first argument of type 'IDbConnectionFactory' could be found (are you missing a using directive or an assembly reference?) [D:\medtrue.in\MedTrueApi.csproj]
D:\medtrue.in\Repositories\ContentRepository.cs(84,57): error CS1061: 'IDbConnectionFactory' does not contain a definition for 'CreateConnectionAsync' and no accessible extension method 'CreateConnectionAsync' accepting a first argument of type 'IDbConnectionFactory' could be found (are you missing a using directive or an assembly reference?) [D:\medtrue.in\MedTrueApi.csproj]
D:\medtrue.in\Repositories\ContentRepository.cs(97,57): error CS1061: 'IDbConnectionFactory' does not contain a definition for 'CreateConnectionAsync' and no accessible extension method 'CreateConnectionAsync' accepting a first argument of type 'IDbConnectionFactory' could be found (are you missing a using directive or an assembly reference?) [D:\medtrue.in\MedTrueApi.csproj]
D:\medtrue.in\Repositories\ContentRepository.cs(105,57): error CS1061: 'IDbConnectionFactory' does not contain a definition for 'CreateConnectionAsync' and no accessible extension method 'CreateConnectionAsync' accepting a first argument of type 'IDbConnectionFactory' could be found (are you missing a using directive or an assembly reference?) [D:\medtrue.in\MedTrueApi.csproj]
D:\medtrue.in\Repositories\ContentRepository.cs(122,57): error CS1061: 'IDbConnectionFactory' does not contain a definition for 'CreateConnectionAsync' and no accessible extension method 'CreateConnectionAsync' accepting a first argument of type 'IDbConnectionFactory' could be found (are you missing a using directive or an assembly reference?) [D:\medtrue.in\MedTrueApi.csproj]
D:\medtrue.in\Repositories\ContentRepository.cs(133,57): error CS1061: 'IDbConnectionFactory' does not contain a definition for 'CreateConnectionAsync' and no accessible extension method 'CreateConnectionAsync' accepting a first argument of type 'IDbConnectionFactory' could be found (are you missing a using directive or an assembly reference?) [D:\medtrue.in\MedTrueApi.csproj]
D:\medtrue.in\Repositories\ContentRepository.cs(145,57): error CS1061: 'IDbConnectionFactory' does not contain a definition for 'CreateConnectionAsync' and no accessible extension method 'CreateConnectionAsync' accepting a first argument of type 'IDbConnectionFactory' could be found (are you missing a using directive or an assembly reference?) [D:\medtrue.in\MedTrueApi.csproj]
    0 Warning(s)
    9 Error(s)

Time Elapsed 00:00:06.31
